<?xml version="1.0" encoding="UTF-8"?>
<testng-results ignored="0" total="1" passed="1" failed="0" skipped="0">
  <reporter-output>
  </reporter-output>
  <suite started-at="2026-01-26T05:22:29 IST" name="Suite" finished-at="2026-01-26T05:22:48 IST" duration-ms="19032">
    <groups>
    </groups>
    <test started-at="2026-01-26T05:22:29 IST" name="Test" finished-at="2026-01-26T05:22:48 IST" duration-ms="19032">
      <class name="MFMP.MFMPTimeSlot">
        <test-method is-config="true" signature="setUp()[pri:0, instance:MFMP.MFMPTimeSlot@1a04f701]" started-at="2026-01-26T05:22:30 IST" name="setUp" finished-at="2026-01-26T05:22:42 IST" duration-ms="12516" status="PASS">
          <reporter-output>
          </reporter-output>
        </test-method> <!-- setUp -->
        <test-method signature="StatedropDown()[pri:1, instance:MFMP.MFMPTimeSlot@1a04f701]" started-at="2026-01-26T05:22:42 IST" name="StatedropDown" finished-at="2026-01-26T05:22:48 IST" duration-ms="5506" status="PASS">
          <reporter-output>
          </reporter-output>
        </test-method> <!-- StatedropDown -->
        <test-method is-config="true" signature="tearDown()[pri:0, instance:MFMP.MFMPTimeSlot@1a04f701]" started-at="2026-01-26T05:22:48 IST" name="tearDown" finished-at="2026-01-26T05:22:48 IST" duration-ms="883" status="PASS">
          <reporter-output>
          </reporter-output>
        </test-method> <!-- tearDown -->
      </class> <!-- MFMP.MFMPTimeSlot -->
    </test> <!-- Test -->
  </suite> <!-- Suite -->
</testng-results>
