<?xml version="1.0" encoding="UTF-8"?>
<testng-results ignored="0" total="5" passed="5" failed="0" skipped="0">
  <reporter-output>
  </reporter-output>
  <suite started-at="2026-01-28T15:23:38 IST" name="Suite" finished-at="2026-01-28T15:23:51 IST" duration-ms="12352">
    <groups>
    </groups>
    <test started-at="2026-01-28T15:23:38 IST" name="Test" finished-at="2026-01-28T15:23:51 IST" duration-ms="12352">
      <class name="MFMP.MFMPBannerTestCase">
        <test-method is-config="true" signature="setUp()[pri:0, instance:MFMP.MFMPBannerTestCase@1d2adfbe]" started-at="2026-01-28T15:23:30 IST" name="setUp" finished-at="2026-01-28T15:23:38 IST" duration-ms="8137" status="PASS">
          <reporter-output>
          </reporter-output>
        </test-method> <!-- setUp -->
        <test-method signature="Addbanner()[pri:1, instance:MFMP.MFMPBannerTestCase@1d2adfbe]" started-at="2026-01-28T15:23:38 IST" name="Addbanner" finished-at="2026-01-28T15:23:41 IST" duration-ms="2895" status="PASS">
          <reporter-output>
          </reporter-output>
        </test-method> <!-- Addbanner -->
        <test-method signature="RedirectURL()[pri:2, instance:MFMP.MFMPBannerTestCase@1d2adfbe]" started-at="2026-01-28T15:23:41 IST" name="RedirectURL" finished-at="2026-01-28T15:23:45 IST" duration-ms="4261" status="PASS">
          <reporter-output>
          </reporter-output>
        </test-method> <!-- RedirectURL -->
        <test-method signature="Choosebannerimage()[pri:3, instance:MFMP.MFMPBannerTestCase@1d2adfbe]" started-at="2026-01-28T15:23:45 IST" name="Choosebannerimage" finished-at="2026-01-28T15:23:48 IST" duration-ms="2223" status="PASS">
          <reporter-output>
          </reporter-output>
        </test-method> <!-- Choosebannerimage -->
        <test-method signature="Addbannerbutton()[pri:4, instance:MFMP.MFMPBannerTestCase@1d2adfbe]" started-at="2026-01-28T15:23:48 IST" name="Addbannerbutton" finished-at="2026-01-28T15:23:50 IST" duration-ms="2170" status="PASS">
          <reporter-output>
          </reporter-output>
        </test-method> <!-- Addbannerbutton -->
        <test-method signature="searchfield()[pri:5, instance:MFMP.MFMPBannerTestCase@1d2adfbe]" started-at="2026-01-28T15:23:50 IST" name="searchfield" finished-at="2026-01-28T15:23:51 IST" duration-ms="692" status="PASS">
          <reporter-output>
          </reporter-output>
        </test-method> <!-- searchfield -->
        <test-method is-config="true" signature="tearDown()[pri:0, instance:MFMP.MFMPBannerTestCase@1d2adfbe]" started-at="2026-01-28T15:23:51 IST" name="tearDown" finished-at="2026-01-28T15:23:51 IST" duration-ms="564" status="PASS">
          <reporter-output>
          </reporter-output>
        </test-method> <!-- tearDown -->
      </class> <!-- MFMP.MFMPBannerTestCase -->
    </test> <!-- Test -->
  </suite> <!-- Suite -->
</testng-results>
