<?xml version="1.0" encoding="UTF-8"?>
<testsuite xmlns:xsi="http://www.w3.org/2001/XMLSchema-instance" xsi:noNamespaceSchemaLocation="https://maven.apache.org/surefire/maven-surefire-plugin/xsd/surefire-test-report.xsd" version="3.0.2" name="TestSuite" time="22.609" tests="5" errors="0" skipped="0" failures="0">
  <properties>
[...]
</properties>
  <testcase name="Addbanner" classname="MFMP.MFMPBannerTestCase" time="2.897">
    <system-out><![CDATA[=============Add Banner Button =================
TC1 - Refresh button visible and clickable: PASS
]]></system-out>
    <system-err><![CDATA[SLF4J(W): No SLF4J providers were found.
SLF4J(W): Defaulting to no-operation (NOP) logger implementation
SLF4J(W): See https://www.slf4j.org/codes.html#noProviders for further details.
]]></system-err>
  </testcase>
  <testcase name="RedirectURL" classname="MFMP.MFMPBannerTestCase" time="4.249">
    <system-out><![CDATA[=============RedirectURL=================
TC1 - Searchname field visible: PASS
TC2 - Mandatory validation: PASS
]]></system-out>
  </testcase>
  <testcase name="Choosebannerimage" classname="MFMP.MFMPBannerTestCase" time="2.211">
    <system-out><![CDATA[=============Choosebannerimage ================= 
TC1 - Choose File visible: PASS
TC2 - Choose File clickable and valid data accepted: PASS
]]></system-out>
  </testcase>
  <testcase name="Addbannerbutton" classname="MFMP.MFMPBannerTestCase" time="2.169">
    <system-out><![CDATA[TC1 - Refresh button visible and clickable: FAIL
]]></system-out>
  </testcase>
  <testcase name="searchfield" classname="MFMP.MFMPBannerTestCase" time="0.694"/>
</testsuite>