<?xml version="1.0" encoding="UTF-8"?>
<testng-results ignored="0" total="5" passed="5" failed="0" skipped="0">
  <reporter-output>
  </reporter-output>
  <suite started-at="2026-01-28T13:25:11 IST" name="Suite" finished-at="2026-01-28T13:25:23 IST" duration-ms="12308">
    <groups>
    </groups>
    <test started-at="2026-01-28T13:25:11 IST" name="Test" finished-at="2026-01-28T13:25:23 IST" duration-ms="12308">
      <class name="MFMP.MFMPBannerTestCase">
        <test-method is-config="true" signature="setUp()[pri:0, instance:MFMP.MFMPBannerTestCase@f5958c9]" started-at="2026-01-28T13:25:03 IST" name="setUp" finished-at="2026-01-28T13:25:11 IST" duration-ms="7605" status="PASS">
          <reporter-output>
          </reporter-output>
        </test-method> <!-- setUp -->
        <test-method signature="Addbanner()[pri:1, instance:MFMP.MFMPBannerTestCase@f5958c9]" started-at="2026-01-28T13:25:11 IST" name="Addbanner" finished-at="2026-01-28T13:25:14 IST" duration-ms="2565" status="PASS">
          <reporter-output>
          </reporter-output>
        </test-method> <!-- Addbanner -->
        <test-method signature="RedirectURL()[pri:2, instance:MFMP.MFMPBannerTestCase@f5958c9]" started-at="2026-01-28T13:25:14 IST" name="RedirectURL" finished-at="2026-01-28T13:25:18 IST" duration-ms="4451" status="PASS">
          <reporter-output>
          </reporter-output>
        </test-method> <!-- RedirectURL -->
        <test-method signature="Choosebannerimage()[pri:3, instance:MFMP.MFMPBannerTestCase@f5958c9]" started-at="2026-01-28T13:25:18 IST" name="Choosebannerimage" finished-at="2026-01-28T13:25:20 IST" duration-ms="2267" status="PASS">
          <reporter-output>
          </reporter-output>
        </test-method> <!-- Choosebannerimage -->
        <test-method signature="Addbannerbutton()[pri:4, instance:MFMP.MFMPBannerTestCase@f5958c9]" started-at="2026-01-28T13:25:20 IST" name="Addbannerbutton" finished-at="2026-01-28T13:25:23 IST" duration-ms="2254" status="PASS">
          <reporter-output>
          </reporter-output>
        </test-method> <!-- Addbannerbutton -->
        <test-method signature="searchfield()[pri:5, instance:MFMP.MFMPBannerTestCase@f5958c9]" started-at="2026-01-28T13:25:23 IST" name="searchfield" finished-at="2026-01-28T13:25:23 IST" duration-ms="696" status="PASS">
          <reporter-output>
          </reporter-output>
        </test-method> <!-- searchfield -->
        <test-method is-config="true" signature="tearDown()[pri:0, instance:MFMP.MFMPBannerTestCase@f5958c9]" started-at="2026-01-28T13:25:24 IST" name="tearDown" finished-at="2026-01-28T13:25:24 IST" duration-ms="975" status="PASS">
          <reporter-output>
          </reporter-output>
        </test-method> <!-- tearDown -->
      </class> <!-- MFMP.MFMPBannerTestCase -->
    </test> <!-- Test -->
  </suite> <!-- Suite -->
</testng-results>
