<?xml version="1.0" encoding="UTF-8"?>
<!-- Generated by org.testng.reporters.JUnitReportReporter -->
<testsuite hostname="DESKTOP-FKPG7Q5" failures="0" tests="5" name="MFMP.MFMPBannerTestCase" time="12.233" errors="0" timestamp="2026-01-28T13:25:25 IST" skipped="0">
  <testcase classname="MFMP.MFMPBannerTestCase" name="Addbanner" time="2.565"/>
  <testcase classname="MFMP.MFMPBannerTestCase" name="RedirectURL" time="4.451"/>
  <testcase classname="MFMP.MFMPBannerTestCase" name="Choosebannerimage" time="2.267"/>
  <testcase classname="MFMP.MFMPBannerTestCase" name="Addbannerbutton" time="2.254"/>
  <testcase classname="MFMP.MFMPBannerTestCase" name="searchfield" time="0.696"/>
</testsuite> <!-- MFMP.MFMPBannerTestCase -->
