<?xml version="1.0" encoding="UTF-8"?>
<!-- Generated by org.testng.reporters.JUnitReportReporter -->
<testsuite hostname="DESKTOP-FKPG7Q5" failures="0" tests="5" name="MFMP.MFMPBannerTestCase" time="12.241" errors="0" timestamp="2026-01-28T15:23:51 IST" skipped="0">
  <testcase classname="MFMP.MFMPBannerTestCase" name="Addbanner" time="2.895"/>
  <testcase classname="MFMP.MFMPBannerTestCase" name="RedirectURL" time="4.261"/>
  <testcase classname="MFMP.MFMPBannerTestCase" name="Choosebannerimage" time="2.223"/>
  <testcase classname="MFMP.MFMPBannerTestCase" name="Addbannerbutton" time="2.170"/>
  <testcase classname="MFMP.MFMPBannerTestCase" name="searchfield" time="0.692"/>
</testsuite> <!-- MFMP.MFMPBannerTestCase -->
